   1.0000000000000000        1.5000000000000000E-005
   3.0000000000000000        2.0000000000000001E-004
   5.0000000000000000        4.2999999999999999E-004
   7.0000000000000000        6.6000000000000000E-004
   9.0000000000000000        1.1249999999999999E-003
   11.000000000000000        1.8300000000000000E-003
   13.000000000000000        2.4900000000000000E-003
   15.000000000000000        3.2450000000000001E-003
   17.000000000000000        4.2350000000000000E-003
   19.000000000000000        5.1200000000000004E-003
   21.000000000000000        5.7800000000000004E-003
   23.000000000000000        7.2449999999999997E-003
   25.000000000000000        7.6400000000000001E-003
   27.000000000000000        8.9350000000000002E-003
   29.000000000000000        9.9100000000000004E-003
   31.000000000000000        1.0610000000000000E-002
   33.000000000000000        1.1630000000000000E-002
   35.000000000000000        1.2270000000000000E-002
   37.000000000000000        1.3135000000000001E-002
   39.000000000000000        1.3825000000000000E-002
   41.000000000000000        1.4975000000000000E-002
   43.000000000000000        1.4914999999999999E-002
   45.000000000000000        1.5330000000000000E-002
   47.000000000000000        1.5145000000000000E-002
   49.000000000000000        1.5620000000000000E-002
   51.000000000000000        1.6555000000000000E-002
   53.000000000000000        1.5970000000000002E-002
   55.000000000000000        1.5664999999999998E-002
   57.000000000000000        1.5779999999999999E-002
   59.000000000000000        1.5115000000000000E-002
   61.000000000000000        1.5115000000000000E-002
   63.000000000000000        1.4574999999999999E-002
   65.000000000000000        1.4690000000000000E-002
   67.000000000000000        1.3705000000000000E-002
   69.000000000000000        1.3004999999999999E-002
   71.000000000000000        1.2699999999999999E-002
   73.000000000000000        1.1945000000000001E-002
   75.000000000000000        1.1250000000000000E-002
   77.000000000000000        1.0574999999999999E-002
   79.000000000000000        9.7750000000000007E-003
   81.000000000000000        9.5449999999999997E-003
   83.000000000000000        8.6250000000000007E-003
   85.000000000000000        7.8150000000000008E-003
   87.000000000000000        7.4400000000000004E-003
   89.000000000000000        6.7999999999999996E-003
   91.000000000000000        6.0549999999999996E-003
   93.000000000000000        5.7400000000000003E-003
   95.000000000000000        5.1549999999999999E-003
   97.000000000000000        4.9699999999999996E-003
   99.000000000000000        4.0549999999999996E-003
   101.00000000000000        3.8349999999999999E-003
   103.00000000000000        3.3999999999999998E-003
   105.00000000000000        3.3000000000000000E-003
   107.00000000000000        2.5500000000000002E-003
   109.00000000000000        2.4849999999999998E-003
   111.00000000000000        2.2650000000000001E-003
   113.00000000000000        1.6400000000000000E-003
   115.00000000000000        1.6500000000000000E-003
   117.00000000000000        1.5349999999999999E-003
   119.00000000000000        1.2500000000000000E-003
   121.00000000000000        1.0000000000000000E-003
   123.00000000000000        1.0499999999999999E-003
   125.00000000000000        8.5999999999999998E-004
   127.00000000000000        5.7499999999999999E-004
   129.00000000000000        6.7000000000000002E-004
   131.00000000000000        4.9500000000000000E-004
   133.00000000000000        5.2499999999999997E-004
   135.00000000000000        3.1000000000000000E-004
   137.00000000000000        2.7000000000000000E-004
   139.00000000000000        2.3000000000000001E-004
   141.00000000000000        2.1000000000000001E-004
   143.00000000000000        1.4999999999999999E-004
   145.00000000000000        1.9500000000000000E-004
   147.00000000000000        1.1000000000000000E-004
   149.00000000000000        1.0000000000000000E-004
   151.00000000000000        1.0000000000000000E-004
   153.00000000000000        8.0000000000000007E-005
   155.00000000000000        3.0000000000000001E-005
   157.00000000000000        1.5000000000000000E-005
   159.00000000000000        3.0000000000000001E-005
   161.00000000000000        4.5000000000000003E-005
   163.00000000000000        4.5000000000000003E-005
   165.00000000000000        5.0000000000000004E-006
   167.00000000000000        1.5000000000000000E-005
   169.00000000000000        1.0000000000000001E-005
   171.00000000000000        5.0000000000000004E-006
   173.00000000000000        5.0000000000000004E-006
   175.00000000000000        5.0000000000000004E-006
   177.00000000000000        0.0000000000000000     
   179.00000000000000        1.0000000000000001E-005
   181.00000000000000        5.0000000000000004E-006
   183.00000000000000        0.0000000000000000     
   185.00000000000000        0.0000000000000000     
   187.00000000000000        0.0000000000000000     
   189.00000000000000        0.0000000000000000     
   191.00000000000000        0.0000000000000000     
   193.00000000000000        0.0000000000000000     
   195.00000000000000        0.0000000000000000     
   197.00000000000000        0.0000000000000000     
   199.00000000000000        0.0000000000000000     
   201.00000000000000        0.0000000000000000     
   203.00000000000000        0.0000000000000000     
   205.00000000000000        0.0000000000000000     
   207.00000000000000        0.0000000000000000     
   209.00000000000000        0.0000000000000000     
   211.00000000000000        0.0000000000000000     
   213.00000000000000        0.0000000000000000     
   215.00000000000000        0.0000000000000000     
   217.00000000000000        0.0000000000000000     
   219.00000000000000        0.0000000000000000     
   221.00000000000000        0.0000000000000000     
   223.00000000000000        0.0000000000000000     
   225.00000000000000        0.0000000000000000     
   227.00000000000000        0.0000000000000000     
   229.00000000000000        0.0000000000000000     
   231.00000000000000        0.0000000000000000     
   233.00000000000000        0.0000000000000000     
   235.00000000000000        0.0000000000000000     
   237.00000000000000        0.0000000000000000     
   239.00000000000000        0.0000000000000000     
   241.00000000000000        0.0000000000000000     
   243.00000000000000        0.0000000000000000     
   245.00000000000000        0.0000000000000000     
   247.00000000000000        0.0000000000000000     
   249.00000000000000        0.0000000000000000     
   251.00000000000000        0.0000000000000000     
   253.00000000000000        0.0000000000000000     
   255.00000000000000        0.0000000000000000     
   257.00000000000000        0.0000000000000000     
   259.00000000000000        0.0000000000000000     
   261.00000000000000        0.0000000000000000     
   263.00000000000000        0.0000000000000000     
   265.00000000000000        0.0000000000000000     
   267.00000000000000        0.0000000000000000     
   269.00000000000000        0.0000000000000000     
   271.00000000000000        0.0000000000000000     
   273.00000000000000        0.0000000000000000     
   275.00000000000000        0.0000000000000000     
   277.00000000000000        0.0000000000000000     
   279.00000000000000        0.0000000000000000     
   281.00000000000000        0.0000000000000000     
   283.00000000000000        0.0000000000000000     
   285.00000000000000        0.0000000000000000     
   287.00000000000000        0.0000000000000000     
   289.00000000000000        0.0000000000000000     
   291.00000000000000        0.0000000000000000     
   293.00000000000000        0.0000000000000000     
   295.00000000000000        0.0000000000000000     
   297.00000000000000        0.0000000000000000     
   299.00000000000000        0.0000000000000000     
