   0.0000000000000000        0.0000000000000000     
  0.59999999999999998        5.6928175696237301E-006
   1.2000000000000000        2.2762265843978707E-005
   1.7999999999999998        5.1181349321051919E-005
   2.3999999999999999        9.0905134792148496E-005
   3.0000000000000000        1.4187084013073925E-004
   3.5999999999999996        2.0399795829102914E-004
   4.2000000000000002        2.7718841621151701E-004
   4.7999999999999998        3.6132676823329905E-004
   5.3999999999999995        4.5628042355851247E-004
   6.0000000000000000        5.6189990719135170E-004
   6.5999999999999996        6.7801915372278589E-004
   7.1999999999999993        8.0445583324067961E-004
   7.7999999999999998        9.4101170856970688E-004
   8.4000000000000004        1.0874730229704849E-003
   9.0000000000000000        1.2436109173549397E-003
   9.5999999999999996        1.4091818760052742E-003
   10.199999999999999        1.5839281997172075E-003
   10.799999999999999        1.7675785052246344E-003
   11.400000000000000        1.9598482497026355E-003
   12.000000000000000        2.1604402790890371E-003
   12.600000000000000        2.3690453989116613E-003
   13.199999999999999        2.5853429662591044E-003
   13.799999999999999        2.8090015014875028E-003
   14.399999999999999        3.0396793182144062E-003
   15.000000000000000        3.2770251701136591E-003
   15.600000000000000        3.5206789129921838E-003
   16.199999999999999        3.7702721806008696E-003
   16.800000000000001        4.0254290726073954E-003
   17.399999999999999        4.2857668531388858E-003
   18.000000000000000        4.5508966582867450E-003
   18.599999999999998        4.8204242109549378E-003
   19.199999999999999        5.0939505414263793E-003
   19.800000000000001        5.3710727120198226E-003
   20.399999999999999        5.6513845442119149E-003
   21.000000000000000        5.9344773466056440E-003
   21.599999999999998        6.2199406421372203E-003
   22.199999999999999        6.5073628929287058E-003
   22.800000000000001        6.7963322212128453E-003
   23.399999999999999        7.0864371247800727E-003
   24.000000000000000        7.3772671854248958E-003
   24.599999999999998        7.6684137689001283E-003
   25.199999999999999        7.9594707149222999E-003
   25.800000000000001        8.2500350158101129E-003
   26.399999999999999        8.5397074823797287E-003
   27.000000000000000        8.8280933957658753E-003
   27.599999999999998        9.1148031438860501E-003
   28.199999999999999        9.3994528413164462E-003
   28.799999999999997        9.6816649314020783E-003
   29.399999999999999        9.9610687694802816E-003
   30.000000000000000        1.0237301186155564E-002
   30.599999999999998        1.0510007029624983E-002
   31.199999999999999        1.0778839686116199E-002
   31.799999999999997        1.1043461577565090E-002
   32.399999999999999        1.1303544635726340E-002
   33.000000000000000        1.1558770751977763E-002
   33.600000000000001        1.1808832202148206E-002
   34.199999999999996        1.2053432045768175E-002
   34.799999999999997        1.2292284499212987E-002
   35.399999999999999        1.2525115282278673E-002
   36.000000000000000        1.2751661937802155E-002
   36.600000000000001        1.2971674124008086E-002
   37.199999999999996        1.3184913879335644E-002
   37.799999999999997        1.3391155859569041E-002
   38.399999999999999        1.3590187547165464E-002
   39.000000000000000        1.3781809432743097E-002
   39.600000000000001        1.3965835168760231E-002
   40.199999999999996        1.4142091695483231E-002
   40.799999999999997        1.4310419339406917E-002
   41.399999999999999        1.4470671884354981E-002
   42.000000000000000        1.4622716615550511E-002
   42.600000000000001        1.4766434337007434E-002
   43.199999999999996        1.4901719362652166E-002
   43.799999999999997        1.5028479481641571E-002
   44.399999999999999        1.5146635898397390E-002
   45.000000000000000        1.5256123147929519E-002
   45.600000000000001        1.5356888987069793E-002
   46.199999999999996        1.5448894262285009E-002
   46.799999999999997        1.5532112754782165E-002
   47.399999999999999        1.5606531003660431E-002
   48.000000000000000        1.5672148107903072E-002
   48.600000000000001        1.5728975508038468E-002
   49.199999999999996        1.5777036748332380E-002
   49.799999999999997        1.5816367220403433E-002
   50.399999999999999        1.5847013889181076E-002
   51.000000000000000        1.5869035002149163E-002
   51.600000000000001        1.5882499782839236E-002
   52.199999999999996        1.5887488109555929E-002
   52.799999999999997        1.5884090180331507E-002
   53.399999999999999        1.5872406165119004E-002
   54.000000000000000        1.5852545846242277E-002
   54.600000000000001        1.5824628248127613E-002
   55.199999999999996        1.5788781257344720E-002
   55.799999999999997        1.5745141233985682E-002
   56.399999999999999        1.5693852615408049E-002
   57.000000000000000        1.5635067513363375E-002
   57.599999999999994        1.5568945305525123E-002
   58.199999999999996        1.5495652222419679E-002
   58.799999999999997        1.5415360930751876E-002
   59.399999999999999        1.5328250114101691E-002
   60.000000000000000        1.5234504051951602E-002
   60.599999999999994        1.5134312197985072E-002
   61.199999999999996        1.5027868758575423E-002
   61.799999999999997        1.4915372272361253E-002
   62.399999999999999        1.4797025191779669E-002
   63.000000000000000        1.4673033467402058E-002
   63.599999999999994        1.4543606135888995E-002
   64.200000000000003        1.4408954912351250E-002
   64.799999999999997        1.4269293787873184E-002
   65.399999999999991        1.4124838632922403E-002
   66.000000000000000        1.3975806807336882E-002
   66.599999999999994        1.3822416777546181E-002
   67.200000000000003        1.3664887741648918E-002
   67.799999999999997        1.3503439262932852E-002
   68.399999999999991        1.3338290912387786E-002
   69.000000000000000        1.3169661920725037E-002
   69.599999999999994        1.2997770840380113E-002
   70.200000000000003        1.2822835217938212E-002
   70.799999999999997        1.2645071277384875E-002
   71.399999999999991        1.2464693614546822E-002
   72.000000000000000        1.2281914903051043E-002
   72.599999999999994        1.2096945612093110E-002
   73.200000000000003        1.1909993736269213E-002
   73.799999999999997        1.1721264537690367E-002
   74.399999999999991        1.1530960300561206E-002
   75.000000000000000        1.1339280098371339E-002
   75.599999999999994        1.1146419573812171E-002
   76.200000000000003        1.0952570731499054E-002
   76.799999999999997        1.0757921743545545E-002
   77.399999999999991        1.0562656768004660E-002
   78.000000000000000        1.0366955780161377E-002
   78.599999999999994        1.0170994416630282E-002
   79.200000000000003        9.9749438321839190E-003
   79.799999999999997        9.7789705692093738E-003
   80.399999999999991        9.5832364396641907E-003
   81.000000000000000        9.3878984193775140E-003
   81.599999999999994        9.1931085545180775E-003
   82.200000000000003        8.9990138800279465E-003
   82.799999999999997        8.8057563497994963E-003
   83.399999999999991        8.6134727783525634E-003
   84.000000000000000        8.4222947937503279E-003
   84.599999999999994        8.2323488014743561E-003
   85.200000000000003        8.0437559589634205E-003
   85.799999999999997        7.8566321605056996E-003
   86.399999999999991        7.6710880321602540E-003
   87.000000000000000        7.4872289363717157E-003
   87.599999999999994        7.3051549859309544E-003
   88.200000000000003        7.1249610669249499E-003
   88.799999999999997        6.9467368703108792E-003
   89.399999999999991        6.7705669317419939E-003
   90.000000000000000        6.5965306792674433E-003
   90.599999999999994        6.4247024885230961E-003
   91.200000000000003        6.2551517450272287E-003
   91.799999999999997        6.0879429131924911E-003
   92.399999999999991        5.9231356116641425E-003
   93.000000000000000        5.7607846945946835E-003
   93.599999999999994        5.6009403384655156E-003
   94.200000000000003        5.4436481340681808E-003
   94.799999999999997        5.2889491832606326E-003
   95.399999999999991        5.1368802001172534E-003
   96.000000000000000        4.9874736160962791E-003
   96.599999999999994        4.8407576888531622E-003
   97.200000000000003        4.6967566143347010E-003
   97.799999999999997        4.5554906417955019E-003
   98.399999999999991        4.4169761913855042E-003
   99.000000000000000        4.2812259739657315E-003
   99.599999999999994        4.1482491128176195E-003
   100.20000000000000        4.0180512669206131E-003
   100.80000000000000        3.8906347554823065E-003
   101.39999999999999        3.7659986834151552E-003
   102.00000000000000        3.6441390674645576E-003
   102.59999999999999        3.5250489627034289E-003
   103.20000000000000        3.4087185891196227E-003
   103.80000000000000        3.2951354580337587E-003
   104.39999999999999        3.1842844980963288E-003
   105.00000000000000        3.0761481806247716E-003
   105.59999999999999        2.9707066440527318E-003
   106.20000000000000        2.8679378172756249E-003
   106.80000000000000        2.7678175416884945E-003
   107.39999999999999        2.6703196917239195E-003
   108.00000000000000        2.5754162937096908E-003
   108.59999999999999        2.4830776428776198E-003
   109.20000000000000        2.3932724183666270E-003
   109.80000000000000        2.3059677960748535E-003
   110.39999999999999        2.2211295592267782E-003
   111.00000000000000        2.1387222065328937E-003
   111.59999999999999        2.0587090578302442E-003
   112.20000000000000        1.9810523571031570E-003
   112.80000000000000        1.9057133727941040E-003
   113.39999999999999        1.8326524953248349E-003
   114.00000000000000        1.7618293317582016E-003
   114.59999999999999        1.6932027975407168E-003
   115.19999999999999        1.6267312052754329E-003
   115.80000000000000        1.5623723504839121E-003
   116.39999999999999        1.5000835943248544E-003
   117.00000000000000        1.4398219432454659E-003
   117.59999999999999        1.3815441255498138E-003
   118.19999999999999        1.3252066648761973E-003
   118.80000000000000        1.2707659505830447E-003
   119.39999999999999        1.2181783050498841E-003
   120.00000000000000        1.1674000479067080E-003
   120.59999999999999        1.1183875572113968E-003
   121.19999999999999        1.0710973276008440E-003
   121.80000000000000        1.0254860254471023E-003
   122.39999999999999        9.8151054105510642E-004
   123.00000000000000        9.3912803794347433E-004
   123.59999999999999        8.9829599925443594E-004
   124.19999999999999        8.5897227134317303E-004
   124.80000000000000        8.2111510460072378E-004
   125.39999999999999        7.8468319156813798E-004
   126.00000000000000        7.4963570240279165E-004
   126.59999999999999        7.1593231776067093E-004
   127.19999999999999        6.8353325916098852E-004
   127.80000000000000        6.5239931690181004E-004
   128.40000000000001        6.2249187559732444E-004
   129.00000000000000        5.9377293740910640E-004
   129.59999999999999        5.6620514304514384E-004
   130.19999999999999        5.3975179060158310E-004
   130.79999999999998        5.1437685232303581E-004
   131.40000000000001        4.9004498935797914E-004
   132.00000000000000        4.6672156458622382E-004
   132.59999999999999        4.4437265359564127E-004
   133.19999999999999        4.2296505388537015E-004
   133.79999999999998        4.0246629237253339E-004
   134.40000000000001        3.8284463127912996E-004
   135.00000000000000        3.6406907247524620E-004
   135.59999999999999        3.4610936035400048E-004
   136.19999999999999        3.2893598331282199E-004
   136.79999999999998        3.1252017391463247E-004
   137.40000000000001        2.9683390780140152E-004
   138.00000000000000        2.8184990143130024E-004
   138.59999999999999        2.6754160870930892E-004
   139.19999999999999        2.5388321657971049E-004
   139.79999999999998        2.4084963964733655E-004
   140.40000000000001        2.2841651389281833E-004
   141.00000000000000        2.1656018954541108E-004
   141.59999999999999        2.0525772317518459E-004
   142.19999999999999        1.9448686906459081E-004
   142.79999999999998        1.8422606991753897E-004
   143.40000000000001        1.7445444696223065E-004
   144.00000000000000        1.6515178950208203E-004
   144.59999999999999        1.5629854396710687E-004
   145.19999999999999        1.4787580251618521E-004
   145.79999999999998        1.3986529123865537E-004
   146.40000000000001        1.3224935800169738E-004
   147.00000000000000        1.2501095998800318E-004
   147.59999999999999        1.1813365096625176E-004
   148.19999999999999        1.1160156833496664E-004
   148.79999999999998        1.0539941997837815E-004
   149.40000000000001        9.9512470971006977E-005
   150.00000000000000        9.3926530165788625E-005
   150.59999999999999        8.8627936698692586E-005
   151.19999999999999        8.3603546440967540E-005
   151.79999999999998        7.8840718428337529E-005
   152.40000000000001        7.4327301294721440E-005
   153.00000000000000        7.0051619736334839E-005
   153.59999999999999        6.6002461030348103E-005
   154.19999999999999        6.2169061630659174E-005
   154.79999999999998        5.8541093861743546E-005
   155.40000000000001        5.5108652730017011E-005
   156.00000000000000        5.1862242870655776E-005
   156.59999999999999        4.8792765646384817E-005
   157.19999999999999        4.5891506413359989E-005
   157.79999999999998        4.3150121967932497E-005
   158.40000000000001        4.0560628186804730E-005
   159.00000000000000        3.8115387871854701E-005
   159.59999999999999        3.5807098809726227E-005
   160.19999999999999        3.3628782055158328E-005
   160.79999999999998        3.1573770445947739E-005
   161.40000000000001        2.9635697356415977E-005
   162.00000000000000        2.7808485695279140E-005
   162.59999999999999        2.6086337152890737E-005
   163.19999999999999        2.4463721701956869E-005
   163.79999999999998        2.2935367354992847E-005
   164.40000000000001        2.1496250181010910E-005
   165.00000000000000        2.0141584583196018E-005
   165.59999999999999        1.8866813838635926E-005
   166.19999999999999        1.7667600900529360E-005
   166.79999999999998        1.6539819462691503E-005
   167.40000000000001        1.5479545285616131E-005
   168.00000000000000        1.4483047782834072E-005
   168.59999999999999        1.3546781865823252E-005
   169.19999999999999        1.2667380045284213E-005
   169.79999999999998        1.1841644786183792E-005
   170.40000000000001        1.1066541113597513E-005
   171.00000000000000        1.0339189466040408E-005
   171.59999999999999        9.6568587926666279E-006
   172.19999999999999        9.0169598904415864E-006
   172.79999999999998        8.4170389771396625E-006
   173.40000000000001        7.8547714958005158E-006
   174.00000000000000        7.3279561460810678E-006
   174.59999999999999        6.8345091377710812E-006
   175.19999999999999        6.3724586615936933E-006
   175.79999999999998        5.9399395722881831E-006
   176.40000000000001        5.5351882788700146E-006
   177.00000000000000        5.1565378368798971E-006
   177.59999999999999        4.8024132373696465E-006
   178.19999999999999        4.4713268873260447E-006
   178.79999999999998        4.1618742762032796E-006
   179.40000000000001        3.8727298232196658E-006
   180.00000000000000        3.6026429000731314E-006
   180.59999999999999        3.3504340237423575E-006
   181.19999999999999        3.1149912140646789E-006
   181.79999999999998        2.8952665108170593E-006
   182.40000000000001        2.6902726450723515E-006
   183.00000000000000        2.4990798596579170E-006
   183.59999999999999        2.3208128736071112E-006
   184.19999999999999        2.1546479855655601E-006
   184.79999999999998        1.9998103111918700E-006
   185.40000000000001        1.8555711496769679E-006
   186.00000000000000        1.7212454745959196E-006
   186.59999999999999        1.5961895444005494E-006
   187.19999999999999        1.4797986279602173E-006
   187.79999999999998        1.3715048406601909E-006
   188.40000000000001        1.2707750866727754E-006
   189.00000000000000        1.1771091031241393E-006
   189.59999999999999        1.0900376019899700E-006
   190.19999999999999        1.0091205056646830E-006
   190.79999999999998        9.3394527226170499E-007
   191.40000000000001        8.6412530681593912E-007
   192.00000000000000        7.9929845467357809E-007
   192.59999999999999        7.3912557346838175E-007
   193.19999999999999        6.8328918019753128E-007
   193.79999999999998        6.3149217002328280E-007
   194.40000000000001        5.8345660353928430E-007
   195.00000000000000        5.3892255935180468E-007
   195.59999999999999        4.9764704893638497E-007
   196.19999999999999        4.5940299083919561E-007
   196.79999999999998        4.2397824139949048E-007
   197.40000000000001        3.9117467927495590E-007
   198.00000000000000        3.6080734115518057E-007
   198.59999999999999        3.3270360614986878E-007
   199.19999999999999        3.0670242643770382E-007
   199.79999999999998        2.8265360185873454E-007
   200.40000000000001        2.6041709622789316E-007
   201.00000000000000        2.3986239323953332E-007
   201.59999999999999        2.2086788992276594E-007
   202.19999999999999        2.0332032569478223E-007
   202.79999999999998        1.8711424514421748E-007
   203.40000000000001        1.7215149275901233E-007
   204.00000000000000        1.5834073789303367E-007
   204.59999999999999        1.4559702834303288E-007
   205.19999999999999        1.3384137098227180E-007
   205.79999999999998        1.2300033796938663E-007
   206.40000000000001        1.1300569712079653E-007
   207.00000000000000        1.0379406510223029E-007
   207.59999999999999        9.5306582159740382E-008
   208.19999999999999        8.7488607172990347E-008
   208.79999999999998        8.0289431873599937E-008
   209.40000000000001        7.3662013129033263E-008
   210.00000000000000        6.7562722247908099E-008
   210.59999999999999        6.1951110315759111E-008
   211.19999999999999        5.6789688621266996E-008
   211.79999999999998        5.2043723281784185E-008
   212.40000000000001        4.7681043223746187E-008
   213.00000000000000        4.3671860718279701E-008
   213.59999999999999        3.9988603715068957E-008
   214.19999999999999        3.6605759258389243E-008
   214.79999999999998        3.3499727308203133E-008
   215.40000000000001        3.0648684326406857E-008
   216.00000000000000        2.8032456023777196E-008
   216.59999999999999        2.5632398696946119E-008
   217.19999999999999        2.3431288616894832E-008
   217.79999999999998        2.1413218961056643E-008
   218.40000000000001        1.9563503810218671E-008
   219.00000000000000        1.7868588759057227E-008
   219.59999999999999        1.6315967715404055E-008
   220.19999999999999        1.4894105488261136E-008
   220.79999999999998        1.3592365788219419E-008
   221.40000000000001        1.2400944286348016E-008
   222.00000000000000        1.1310806398849915E-008
   222.59999999999999        1.0313629484884024E-008
   223.19999999999999        9.4017491639771279E-009
   223.79999999999998        8.5681094774415170E-009
   224.40000000000001        7.8062166352233209E-009
   225.00000000000000        7.1100961056736009E-009
   225.59999999999999        6.4742528209070654E-009
   226.19999999999999        5.8936342847321870E-009
   226.79999999999998        5.3635963836404756E-009
   227.40000000000001        4.8798717140753336E-009
   228.00000000000000        4.4385402511967988E-009
   228.59999999999999        4.0360021956547983E-009
   229.19999999999999        3.6689528455183287E-009
   229.79999999999998        3.3343593505099844E-009
   230.39999999999998        3.0294392151022430E-009
   231.00000000000000        2.7516404258719128E-009
   231.59999999999999        2.4986230868131652E-009
   232.19999999999999        2.2682424541057817E-009
   232.79999999999998        2.0585332691521244E-009
   233.39999999999998        1.8676952955587889E-009
   234.00000000000000        1.6940799721725186E-009
   234.59999999999999        1.5361781003095605E-009
   235.19999999999999        1.3926084889638017E-009
   235.79999999999998        1.2621074870662506E-009
   236.39999999999998        1.1435193368148422E-009
   237.00000000000000        1.0357872867205502E-009
   237.59999999999999        9.3794540734144469E-010
   238.19999999999999        8.4911105671811382E-010
   238.79999999999998        7.6847794629938779E-010
   239.39999999999998        6.9530976167186004E-010
   240.00000000000000        6.2893429569575270E-010
   240.59999999999999        5.6873805471780337E-010
   241.19999999999999        5.1416130139202421E-010
   241.79999999999998        4.6469350030510873E-010
   242.39999999999998        4.1986913508623440E-010
   243.00000000000000        3.7926386799321363E-010
   243.59999999999999        3.4249101511881880E-010
   244.19999999999999        3.0919831236299625E-010
   244.79999999999998        2.7906494917835906E-010
   245.39999999999998        2.5179884882662734E-010
   246.00000000000000        2.2713417549145014E-010
   246.59999999999999        2.0482905008615749E-010
   247.19999999999999        1.8466345798099636E-010
   247.79999999999998        1.6643733316070431E-010
   248.39999999999998        1.4996880451621538E-010
   249.00000000000000        1.3509259108040307E-010
   249.59999999999999        1.2165853404293338E-010
   250.19999999999999        1.0953025432889395E-010
   250.79999999999998        9.8583925405328744E-011
   251.39999999999998        8.8707151793770400E-011
   252.00000000000000        7.9797944520042338E-011
   252.59999999999999        7.1763785429198558E-011
   253.19999999999999        6.4520772937455052E-011
   253.79999999999998        5.7992842388136812E-011
   254.39999999999998        5.2111054728422740E-011
   255.00000000000000        4.6812947731350736E-011
   255.59999999999999        4.2041944456133991E-011
   256.19999999999999        3.7746814072185372E-011
   256.80000000000001        3.3881180571022487E-011
   257.39999999999998        3.0403075257848777E-011
   258.00000000000000        2.7274529253411104E-011
   258.59999999999997        2.4461202548858617E-011
   259.19999999999999        2.1932046443721996E-011
   259.80000000000001        1.9658996461714439E-011
   260.39999999999998        1.7616693082484703E-011
   261.00000000000000        1.5782227851366103E-011
   261.59999999999997        1.4134912635050810E-011
   262.19999999999999        1.2656069980322594E-011
   262.80000000000001        1.1328842706837512E-011
   263.39999999999998        1.0138021024588178E-011
   264.00000000000000        9.0698856132603928E-012
   264.59999999999997        8.1120652352007968E-012
   265.19999999999999        7.2534075770979902E-012
   265.80000000000001        6.4838621286356654E-012
   266.39999999999998        5.7943740100909774E-012
   267.00000000000000        5.1767877558939685E-012
   267.59999999999997        4.6237601482203809E-012
   268.19999999999999        4.1286812743976930E-012
   268.80000000000001        3.6856030548675263E-012
   269.39999999999998        3.2891745552004748E-012
   270.00000000000000        2.9345834567159725E-012
   270.59999999999997        2.6175031160840269E-012
   271.19999999999999        2.3340446953028023E-012
   271.80000000000001        2.0807138900612345E-012
   272.39999999999998        1.8543718270646143E-012
   273.00000000000000        1.6521997397671557E-012
   273.59999999999997        1.4716670674250324E-012
   274.19999999999999        1.3105026547409603E-012
   274.80000000000001        1.1666687588823228E-012
   275.39999999999998        1.0383375975562126E-012
   276.00000000000000        9.2387019634138449E-013
   276.59999999999997        8.2179731581132421E-013
   277.19999999999999        7.3080225932047784E-013
   277.80000000000001        6.4970538084132201E-013
   278.39999999999998        5.7745012908812096E-013
   279.00000000000000        5.1309047949033467E-013
   279.59999999999997        4.5577961951674572E-013
   280.19999999999999        4.0475976552092620E-013
   280.80000000000001        3.5935300079271988E-013
   281.39999999999998        3.1895303495899522E-013
   282.00000000000000        2.8301779437461403E-013
   282.59999999999997        2.5106276176617485E-013
   283.19999999999999        2.2265499121447054E-013
   283.80000000000001        1.9740773165880129E-013
   284.39999999999998        1.7497559854179969E-013
   285.00000000000000        1.5505023904735114E-013
   285.59999999999997        1.3735644167083412E-013
   286.19999999999999        1.2164864564971783E-013
   286.80000000000001        1.0770781011934321E-013
   287.39999999999998        9.5338606784333840E-014
   288.00000000000000        8.4366903448632082E-014
   288.59999999999997        7.4637508960832752E-014
   289.19999999999999        6.6012153037580007E-014
   289.80000000000001        5.8367677055004548E-014
   290.39999999999998        5.1594414272259316E-014
   291.00000000000000        4.5594740095970934E-014
   291.59999999999997        4.0281774931295266E-014
   292.19999999999999        3.5578223913755455E-014
   292.80000000000001        3.1415339394052967E-014
   293.39999999999998        2.7731993471586517E-014
   294.00000000000000        2.4473849156262825E-014
   294.59999999999997        2.1592619895633656E-014
   295.19999999999999        1.9045408247494918E-014
   295.80000000000001        1.6794115417894317E-014
   296.39999999999998        1.4804914230877539E-014
   297.00000000000000        1.3047778858345662E-014
   297.59999999999997        1.1496065324254267E-014
   298.19999999999999        1.0126137414450078E-014
   298.80000000000001        8.9170331784681480E-015
   299.39999999999998        7.8501677086290047E-015
